c:\users\joana\desktop\pp2-snake\debug\vc120.pdb
c:\users\joana\desktop\pp2-snake\debug\vc120.idb
c:\users\joana\desktop\pp2-snake\debug\main.obj
c:\users\nlopes\documents\ipca\edjd\code\paradigmas de programação ii\snake game - listas ligadas\pp2-snake\debug\vc120.pdb
c:\users\nlopes\documents\ipca\edjd\code\paradigmas de programação ii\snake game - listas ligadas\pp2-snake\debug\vc120.idb
c:\users\nlopes\documents\ipca\edjd\code\paradigmas de programação ii\snake game - listas ligadas\pp2-snake\debug\main.obj
c:\users\joana\desktop\pp2-snake\debug\snake game - listas ligadas.ilk
c:\users\joana\desktop\pp2-snake\debug\snake game - listas ligadas.exe
c:\users\joana\desktop\pp2-snake\debug\snake game - listas ligadas.pdb
c:\users\nlopes\documents\ipca\edjd\code\paradigmas de programação ii\debug\snake game - listas ligadas.ilk
c:\users\nlopes\documents\ipca\edjd\code\paradigmas de programação ii\debug\snake game - listas ligadas.exe
c:\users\nlopes\documents\ipca\edjd\code\paradigmas de programação ii\debug\snake game - listas ligadas.pdb
c:\users\nlopes\documents\ipca\edjd\code\paradigmas de programação ii\snake game - listas ligadas\pp2-snake\debug\snake game - listas ligadas.ilk
c:\users\nlopes\documents\ipca\edjd\code\paradigmas de programação ii\snake game - listas ligadas\pp2-snake\debug\snake game - listas ligadas.pdb
c:\users\nlopes\documents\ipca\edjd\code\paradigmas de programação ii\snake game - listas ligadas\pp2-snake\debug\snake ga.9f998b83.tlog\cl.command.1.tlog
c:\users\nlopes\documents\ipca\edjd\code\paradigmas de programação ii\snake game - listas ligadas\pp2-snake\debug\snake ga.9f998b83.tlog\cl.read.1.tlog
c:\users\nlopes\documents\ipca\edjd\code\paradigmas de programação ii\snake game - listas ligadas\pp2-snake\debug\snake ga.9f998b83.tlog\cl.write.1.tlog
c:\users\nlopes\documents\ipca\edjd\code\paradigmas de programação ii\snake game - listas ligadas\pp2-snake\debug\snake ga.9f998b83.tlog\link.command.1.tlog
c:\users\nlopes\documents\ipca\edjd\code\paradigmas de programação ii\snake game - listas ligadas\pp2-snake\debug\snake ga.9f998b83.tlog\link.read.1.tlog
c:\users\nlopes\documents\ipca\edjd\code\paradigmas de programação ii\snake game - listas ligadas\pp2-snake\debug\snake ga.9f998b83.tlog\link.write.1.tlog
